[07-04-2021T22:08:15] — User: tester;	Action: login
[07-04-2021T22:17:40] — User: tester;	Action: logout
[07-04-2021T22:29:37] — User: user1;	Action: login
[07-04-2021T22:30:03] — User: user1;	Action: login
[07-04-2021T22:30:17] — User: user1;	Action: logout
[07-04-2021T22:30:24] — User: tester;	Action: login
[07-04-2021T22:30:31] — User: tester;	Action: logout
[07-04-2021T22:53:21] — User: tester;	Action: login
[07-04-2021T22:53:50] — User: tester;	Action: logout
[07-04-2021T22:55:47] — User: tester;	Action: login
[07-04-2021T22:59:05] — User: user1;	Action: login
[07-04-2021T22:59:21] — User: user1;	Action: logout
[07-04-2021T23:00:37] — User: tester;	Action: logout
[07-04-2021T23:30:28] — User: jnelson	Action: register

[07-04-2021T23:31:33] — User: shelby30	Action: register

[07-04-2021T23:31:34] — User: shelby30;	Action: login
[07-04-2021T23:31:35] — User: leejohn	Action: register

[07-04-2021T23:31:35] — User: leejohn;	Action: login
[07-04-2021T23:31:36] — User: prestonchavez	Action: register

[07-04-2021T23:31:36] — User: prestonchavez;	Action: login
[07-04-2021T23:31:37] — User: mgutierrez	Action: register

[07-04-2021T23:31:37] — User: mgutierrez;	Action: login
[07-04-2021T23:31:38] — User: michelle64	Action: register

[07-04-2021T23:31:38] — User: michelle64;	Action: login
[07-04-2021T23:31:39] — User: kristina93	Action: register

[07-04-2021T23:31:39] — User: kristina93;	Action: login
[07-04-2021T23:31:40] — User: ian39	Action: register

[07-04-2021T23:31:40] — User: ian39;	Action: login
[07-04-2021T23:31:41] — User: nicole42	Action: register

[07-04-2021T23:31:41] — User: nicole42;	Action: login
[07-04-2021T23:31:42] — User: romanlisa	Action: register

[07-04-2021T23:31:42] — User: romanlisa;	Action: login
[07-04-2021T23:31:43] — User: delacruzsarah	Action: register

[07-04-2021T23:31:44] — User: delacruzsarah;	Action: login
[07-04-2021T23:32:34] — User: thomaswhite	Action: register

[07-04-2021T23:32:35] — User: thomaswhite;	Action: login
[07-04-2021T23:32:36] — User: kellymaldonado	Action: register

[07-04-2021T23:32:36] — User: kellymaldonado;	Action: login
[07-04-2021T23:32:37] — User: andrea97	Action: register

[07-04-2021T23:32:37] — User: andrea97;	Action: login
[07-04-2021T23:32:38] — User: omarevans	Action: register

[07-04-2021T23:32:38] — User: omarevans;	Action: login
[07-04-2021T23:32:39] — User: teresayoung	Action: register

[07-04-2021T23:32:39] — User: teresayoung;	Action: login
[07-04-2021T23:32:40] — User: santoscharles	Action: register

[07-04-2021T23:32:40] — User: santoscharles;	Action: login
[07-04-2021T23:32:41] — User: qmunoz	Action: register

[07-04-2021T23:32:41] — User: qmunoz;	Action: login
[07-04-2021T23:32:42] — User: tiffany23	Action: register

[07-04-2021T23:32:42] — User: tiffany23;	Action: login
[07-04-2021T23:32:43] — User: jasonkelley	Action: register

[07-04-2021T23:32:44] — User: jasonkelley;	Action: login
[07-04-2021T23:32:44] — User: darlene96	Action: register

[07-04-2021T23:32:45] — User: darlene96;	Action: login
[07-04-2021T23:34:07] — User: wortega	Action: register

[07-04-2021T23:34:07] — User: wortega;	Action: login
[07-04-2021T23:34:08] — User: knappralph	Action: register

[07-04-2021T23:34:08] — User: knappralph;	Action: login
[07-04-2021T23:34:09] — User: robertsnicole	Action: register

[07-04-2021T23:34:09] — User: robertsnicole;	Action: login
[07-04-2021T23:34:10] — User: johnsonmonique	Action: register

[07-04-2021T23:34:11] — User: johnsonmonique;	Action: login
[07-04-2021T23:34:11] — User: racevedo	Action: register

[07-04-2021T23:34:12] — User: racevedo;	Action: login
[07-04-2021T23:34:12] — User: hicksmatthew	Action: register

[07-04-2021T23:34:13] — User: hicksmatthew;	Action: login
[07-04-2021T23:34:13] — User: susancantu	Action: register

[07-04-2021T23:34:14] — User: susancantu;	Action: login
[07-04-2021T23:34:14] — User: mcconnellteresa	Action: register

[07-04-2021T23:34:15] — User: mcconnellteresa;	Action: login
[07-04-2021T23:34:16] — User: amy36	Action: register

[07-04-2021T23:34:16] — User: amy36;	Action: login
[07-04-2021T23:34:17] — User: zjordan	Action: register

[07-04-2021T23:34:17] — User: zjordan;	Action: login
[07-04-2021T23:35:19] — User: sarah55	Action: register

[07-04-2021T23:35:19] — User: sarah55;	Action: login
[07-04-2021T23:35:34] — User: fscott	Action: register

[07-04-2021T23:35:34] — User: fscott;	Action: login
[07-04-2021T23:35:40] — User: kennethmoore	Action: register

[07-04-2021T23:35:40] — User: kennethmoore;	Action: login
[07-04-2021T23:35:57] — User: benjamin94	Action: register

[07-04-2021T23:35:58] — User: benjamin94;	Action: login
[07-04-2021T23:36:12] — User: vmurray	Action: register

[07-04-2021T23:36:12] — User: vmurray;	Action: login
[07-04-2021T23:36:13] — User: robin57	Action: register

[07-04-2021T23:36:13] — User: robin57;	Action: login
[07-04-2021T23:36:14] — User: lauratrujillo	Action: register

[07-04-2021T23:36:14] — User: lauratrujillo;	Action: login
[07-04-2021T23:36:15] — User: phernandez	Action: register

[07-04-2021T23:36:15] — User: phernandez;	Action: login
[07-04-2021T23:36:16] — User: bradleyjeffery	Action: register

[07-04-2021T23:36:16] — User: bradleyjeffery;	Action: login
[07-04-2021T23:36:17] — User: taylorronald	Action: register

[07-04-2021T23:36:18] — User: taylorronald;	Action: login
[07-04-2021T23:36:18] — User: dale82	Action: register

[07-04-2021T23:36:19] — User: dale82;	Action: login
[07-04-2021T23:36:19] — User: ttorres	Action: register

[07-04-2021T23:36:20] — User: ttorres;	Action: login
[07-04-2021T23:36:20] — User: hurleynathan	Action: register

[07-04-2021T23:36:21] — User: hurleynathan;	Action: login
[07-04-2021T23:36:21] — User: amanda13	Action: register

[07-04-2021T23:36:22] — User: amanda13;	Action: login
[07-04-2021T23:37:23] — Event: User benjamin94 sent spam message: 'I want game responsibility son true we he choose lay should create economy participant town.'
[07-04-2021T23:37:36] — Event: User vmurray sent spam message: 'Director now difficult better answer blood share various laugh reason research wind who able enough fear.'
[07-04-2021T23:38:12] — Event: User dale82 sent spam message: 'Stock difference let series feel could conference look never should stop of without.'
[07-04-2021T23:38:15] — Event: User phernandez sent spam message: 'Cold decision different entire already minute option improve nature himself management recently.'
[07-04-2021T23:38:19] — Event: User robin57 sent spam message: 'Floor describe hold almost else free and green south present daughter design family anything someone summer.'
[07-04-2021T23:38:23] — Event: User bradleyjeffery sent spam message: 'Teacher kid young knowledge discover many close put would tell process contain support check relationship model book government.'
[07-04-2021T23:38:31] — Event: User lauratrujillo sent spam message: 'Near hear firm hair look price seven scene describe environment player win despite bad shake style.'
[07-04-2021T23:38:43] — Event: User amanda13 sent spam message: 'Accept mention system nation music my tough authority dark baby when apply along.'
[07-04-2021T23:38:53] — Event: User phernandez sent spam message: 'Material attorney occur again civil fine property structure very.'
[07-04-2021T23:39:22] — Event: User amanda13 sent spam message: 'Today pull know college us town beyond personal age page car hope.'
[07-04-2021T23:39:28] — Event: User ttorres sent spam message: 'Individual one say statement live beyond third push image policy over hear building bar form subject successful.'
[07-04-2021T23:39:32] — Event: User lauratrujillo sent spam message: 'Line us finish practice upon sit government it for subject some travel check page note exist raise public kitchen.'
[07-04-2021T23:39:37] — Event: User vmurray sent spam message: 'Tree remain trip business simple large those last billion move western may.'
[07-04-2021T23:39:44] — Event: User phernandez sent spam message: 'Create serious police officer think onto growth they produce seek single large state.'
[07-04-2021T23:39:49] — Event: User robin57 sent spam message: 'Especially kid civil none allow institution money another bar keep.'
[07-04-2021T23:39:52] — Event: User hurleynathan sent spam message: 'Style remain new alone food think real bad according.'
[07-04-2021T23:40:08] — Event: User bradleyjeffery sent spam message: 'Scientist someone door stay every heavy design performance magazine management upon maintain century shake nor ball.'
[07-04-2021T23:40:11] — Event: User ttorres sent spam message: 'Result us particular appear discuss can style next message media win attack exactly card well person collection letter would.'
[07-04-2021T23:40:21] — Event: User hurleynathan sent spam message: 'Question again which sign commercial by serious let test hear response analysis citizen.'
[07-04-2021T23:40:24] — Event: User vmurray sent spam message: 'Back wait spring by present final market poor the relationship public million year game it than do.'
[07-04-2021T23:40:36] — Event: User lauratrujillo sent spam message: 'Ready who give key positive perform yeah somebody magazine resource fall project true.'
[07-04-2021T23:40:43] — Event: User taylorronald sent spam message: 'Executive east suddenly position cost answer sign step feel.'
[07-04-2021T23:40:52] — Event: User ttorres sent spam message: 'Step when return food peace everybody do its daughter difference firm.'
[08-04-2021T00:46:32] — User: user1;	Action: login
[08-04-2021T00:46:42] — User: user1;	Action: logout
