[29-05-2021T19:30:05] — User: hoodsusan	Action: register

[29-05-2021T19:30:05] — User: hoodsusan;	Action: login
[29-05-2021T19:30:08] — User: bradleyjessica	Action: register

[29-05-2021T19:30:09] — User: bradleyjessica;	Action: login
[29-05-2021T19:30:11] — User: robertrichmond	Action: register

[29-05-2021T19:30:12] — User: robertrichmond;	Action: login
[29-05-2021T19:30:14] — User: mford	Action: register

[29-05-2021T19:30:15] — User: mford;	Action: login
[29-05-2021T19:30:18] — User: pford	Action: register

[29-05-2021T19:30:18] — User: pford;	Action: login
[29-05-2021T19:30:21] — User: samueldiaz	Action: register

[29-05-2021T19:30:21] — User: samueldiaz;	Action: login
[29-05-2021T19:30:24] — User: sprice	Action: register

[29-05-2021T19:30:25] — User: sprice;	Action: login
[29-05-2021T19:30:27] — User: martincalvin	Action: register

[29-05-2021T19:30:28] — User: martincalvin;	Action: login
[29-05-2021T19:30:30] — User: daniel45	Action: register

[29-05-2021T19:30:31] — User: daniel45;	Action: login
[29-05-2021T19:30:34] — User: tyler26	Action: register

[29-05-2021T19:30:34] — User: tyler26;	Action: login
[29-05-2021T19:30:37] — User: hannah29	Action: register

[29-05-2021T19:30:37] — User: hannah29;	Action: login
[29-05-2021T19:30:40] — User: smithchristopher	Action: register

[29-05-2021T19:30:40] — User: smithchristopher;	Action: login
[29-05-2021T19:30:43] — User: wmartinez	Action: register

[29-05-2021T19:30:44] — User: wmartinez;	Action: login
[29-05-2021T19:30:46] — User: lmcconnell	Action: register

[29-05-2021T19:30:47] — User: lmcconnell;	Action: login
[29-05-2021T19:30:50] — User: ifaulkner	Action: register

[29-05-2021T19:30:50] — User: ifaulkner;	Action: login
[29-05-2021T19:34:38] — Event: User martincalvin sent spam message: 'Agree site all respond race hospital throw another drive fine modern grow reveal many sign south gas.'
[29-05-2021T19:34:44] — Event: User sprice sent spam message: 'Although crime morning into huge consider agency tonight decide student all program front concern piece issue.'
[29-05-2021T19:34:46] — Event: User hoodsusan sent spam message: 'Wide cause plan during card factor check total page heavy join interesting.'
[29-05-2021T19:34:48] — Event: User tyler26 sent spam message: 'Every not develop ever race different serious study key environmental culture audience central look good wind support.'
[29-05-2021T19:34:51] — Event: User smithchristopher sent spam message: 'Less unit partner garden media than father vote cultural.'
[29-05-2021T19:34:55] — Event: User lmcconnell sent spam message: 'Use man me relate adult power member this month investment painting produce they.'
[29-05-2021T19:34:56] — Event: User ifaulkner sent spam message: 'Option day throughout building store as almost population some may race clearly fund effect once democratic two table available above the.'
[29-05-2021T19:34:58] — Event: User sprice sent spam message: 'Million kind model will gas serve do enjoy compare can surface.'
[29-05-2021T19:35:03] — Event: User lmcconnell sent spam message: 'Responsibility participant claim feel different be child physical offer high soon phone learn treatment whatever start all.'
[29-05-2021T19:35:11] — Event: User mford sent spam message: 'Against do available first question part newspaper staff international million heavy race event focus among society oil coach physical.'
[29-05-2021T19:35:16] — Event: User hoodsusan sent spam message: 'Rather call put life will thought environmental military machine already bar wide sort environmental body brother often month.'
[29-05-2021T19:35:17] — Event: User tyler26 sent spam message: 'Lead skin threat meeting whatever summer idea understand evidence change will continue.'
[29-05-2021T19:35:22] — Event: User sprice sent spam message: 'Air situation international character give song spend girl city bad join store return bill set attention suggest agent eight.'
[29-05-2021T19:35:24] — Event: User pford sent spam message: 'End very yet cost drop Congress ask discover peace beat go clearly.'
[29-05-2021T19:35:34] — Event: User samueldiaz sent spam message: 'Both direction without media recent draw candidate eye article religious professional memory.'
[29-05-2021T19:35:36] — Event: User martincalvin sent spam message: 'Necessary attack owner pay fund benefit everyone authority save your care radio including moment difference environment source run offer.'
[29-05-2021T19:35:37] — Event: User hoodsusan sent spam message: 'Knowledge war save treatment join partner newspaper drop difference however.'
[29-05-2021T19:35:39] — Event: User mford sent spam message: 'Remain direction war author central board natural adult large section ago trade.'
[29-05-2021T19:35:43] — Event: User bradleyjessica sent spam message: 'Four suddenly onto his affect player community case factor character for score plan.'
[29-05-2021T19:35:44] — Event: User tyler26 sent spam message: 'Property population to subject news though hot offer attention management require democratic protect traditional me record son sit glass.'
[29-05-2021T19:35:46] — Event: User robertrichmond sent spam message: 'Fear statement face wait rather score wide kind much economic.'
[29-05-2021T19:35:48] — Event: User sprice sent spam message: 'Step of property teach receive Congress wide threat accept on majority fact.'
[29-05-2021T19:35:59] — Event: User daniel45 sent spam message: 'Identify coach also line close help would whose majority even question billion development decade.'
[29-05-2021T19:36:01] — Event: User martincalvin sent spam message: 'Day learn read gas brother provide recently huge store.'
[29-05-2021T19:36:02] — Event: User tyler26 sent spam message: 'Land join any white career we interesting significant expect able author authority.'
[29-05-2021T19:36:06] — Event: User mford sent spam message: 'Quality upon actually mention reflect bit something player beautiful.'
[29-05-2021T19:36:10] — Event: User bradleyjessica sent spam message: 'Tell until real end common you bill management remember mission then measure produce free our.'
[29-05-2021T19:36:12] — Event: User sprice sent spam message: 'Prove economic hear always town perhaps language today pick look structure still be dinner physical report support send us character.'
[29-05-2021T19:36:14] — Event: User pford sent spam message: 'Quite near customer as with painting pull color it be.'
[29-05-2021T19:36:20] — Event: User hannah29 sent spam message: 'Country center loss interesting born pay easy group young science.'
[29-05-2021T19:36:25] — Event: User hoodsusan sent spam message: 'Start take raise red but million country them else product early final and drug executive star even.'
[29-05-2021T19:36:29] — Event: User daniel45 sent spam message: 'Item back improve to from seat record girl property finally company listen yard.'
[29-05-2021T19:36:30] — Event: User tyler26 sent spam message: 'Again summer near simply nation enjoy talk you bank each.'
[29-05-2021T19:36:32] — Event: User mford sent spam message: 'Include blue husband cause political test star protect when either business.'
[29-05-2021T19:36:34] — Event: User bradleyjessica sent spam message: 'Crime upon on particularly enough generation site section city drop talk rather her lose.'
[29-05-2021T19:36:36] — Event: User robertrichmond sent spam message: 'Like thus generation raise once reflect crime course worry long exactly produce section federal boy movement.'
[29-05-2021T19:36:53] — User: hannah29;	Action: logout
[29-05-2021T19:36:53] — User: smithchristopher;	Action: logout
[29-05-2021T19:36:54] — User: ifaulkner;	Action: logout
[29-05-2021T19:36:54] — User: bradleyjessica;	Action: logout
[29-05-2021T19:36:54] — User: pford;	Action: logout
[29-05-2021T19:36:55] — User: tyler26;	Action: logout
[29-05-2021T19:36:55] — User: martincalvin;	Action: logout
[29-05-2021T19:36:55] — User: daniel45;	Action: logout
[29-05-2021T19:36:55] — User: hoodsusan;	Action: logout
[29-05-2021T19:36:56] — User: lmcconnell;	Action: logout
[29-05-2021T19:36:56] — User: mford;	Action: logout
[29-05-2021T19:36:56] — User: wmartinez;	Action: logout
[29-05-2021T19:36:56] — User: sprice;	Action: logout
[29-05-2021T19:36:57] — User: samueldiaz;	Action: logout
[29-05-2021T19:36:57] — User: robertrichmond;	Action: logout
[29-05-2021T21:12:05] — [WinError 10038] Сделана попытка выполнить операцию на объекте, не являющемся сокетом
[29-05-2021T21:12:05] — Failed to write data to connection IPv4Address(('localhost', 7687)) (IPv4Address(('127.0.0.1', 7687)))
[29-05-2021T21:12:27] — [WinError 10038] Сделана попытка выполнить операцию на объекте, не являющемся сокетом
[29-05-2021T21:12:27] — Failed to write data to connection IPv4Address(('localhost', 7687)) (IPv4Address(('127.0.0.1', 7687)))
[29-05-2021T21:12:48] — [WinError 10038] Сделана попытка выполнить операцию на объекте, не являющемся сокетом
[29-05-2021T21:12:48] — Failed to write data to connection IPv4Address(('localhost', 7687)) (IPv4Address(('127.0.0.1', 7687)))
[29-05-2021T21:22:50] — User: jgreen	Action: register

[29-05-2021T21:22:50] — User: jgreen;	Action: login
[29-05-2021T21:22:53] — User: ann03	Action: register

[29-05-2021T21:22:54] — User: ann03;	Action: login
[29-05-2021T21:22:56] — User: davisshane	Action: register

[29-05-2021T21:22:57] — User: davisshane;	Action: login
[29-05-2021T21:22:59] — User: terrismith	Action: register

[29-05-2021T21:23:00] — User: terrismith;	Action: login
[29-05-2021T21:23:03] — User: michaelamorris	Action: register

[29-05-2021T21:23:03] — User: michaelamorris;	Action: login
[29-05-2021T21:23:06] — User: amy41	Action: register

[29-05-2021T21:23:06] — User: amy41;	Action: login
[29-05-2021T21:23:09] — User: fguerrero	Action: register

[29-05-2021T21:23:10] — User: fguerrero;	Action: login
[29-05-2021T21:23:12] — User: jimmy44	Action: register

[29-05-2021T21:23:13] — User: jimmy44;	Action: login
[29-05-2021T21:23:16] — User: nicole81	Action: register

[29-05-2021T21:23:16] — User: nicole81;	Action: login
[29-05-2021T21:23:19] — User: brianbradford	Action: register

[29-05-2021T21:23:19] — User: brianbradford;	Action: login
[29-05-2021T21:23:25] — User: fguerrero;	Action: logout
[29-05-2021T21:23:26] — User: nicole81;	Action: logout
[29-05-2021T21:23:26] — User: brianbradford;	Action: logout
[29-05-2021T21:23:26] — User: davisshane;	Action: logout
[29-05-2021T21:23:27] — User: michaelamorris;	Action: logout
[29-05-2021T21:23:27] — User: jimmy44;	Action: logout
[29-05-2021T21:23:27] — User: ann03;	Action: logout
[29-05-2021T21:23:27] — User: amy41;	Action: logout
[29-05-2021T21:23:28] — User: terrismith;	Action: logout
[29-05-2021T21:23:28] — User: jgreen;	Action: logout
[29-05-2021T21:23:47] — Event: User fguerrero sent spam message: 'Better generation manage film dog church respond item system sit a stage discussion forward field.'
[29-05-2021T21:23:50] — Event: User brianbradford sent spam message: 'Notice explain Democrat none too nation enter service instead range true base painting mother writer.'
[29-05-2021T21:23:52] — Event: User terrismith sent spam message: 'Spring break person ahead customer physical whole color day him around organization usually commercial still score sound lot.'
[29-05-2021T21:23:54] — Event: User amy41 sent spam message: 'Scene dark debate direction small relate tax father loss series nation two beyond chair in.'
[29-05-2021T21:23:56] — Event: User nicole81 sent spam message: 'Eight plan way hit issue entire again his rise majority cup interesting east wall those same political less.'
[29-05-2021T21:23:58] — Event: User jgreen sent spam message: 'System wear indicate attorney bag heart face film really write force behind cut doctor morning.'
[29-05-2021T21:23:59] — Event: User ann03 sent spam message: 'Present decide gas choose certain include reduce listen sound on lead method local.'
[29-05-2021T21:24:01] — Event: User jimmy44 sent spam message: 'Get remain main call trial none stay serve need movie side later blue.'
[29-05-2021T21:24:03] — Event: User jgreen sent spam message: 'Success avoid think any travel know modern look fight guy share what.'
[29-05-2021T21:24:13] — Event: User davisshane sent spam message: 'Level add say bed imagine attorney admit while certainly than success hair establish arm executive daughter them garden.'
[29-05-2021T21:24:16] — Event: User ann03 sent spam message: 'Measure each reveal four report opportunity practice theory attorney ground her seven.'
[29-05-2021T21:24:18] — Event: User jimmy44 sent spam message: 'Third up data such drug wear return tend remember art send senior language health identify interview field or score.'
[29-05-2021T21:24:21] — Event: User fguerrero sent spam message: 'Glass society he box only yet able about bar a road painting miss civil laugh look party live mission health.'
[29-05-2021T21:24:25] — Event: User nicole81 sent spam message: 'Population movement nice worry feel though method best kid free remain out yourself style save rich water through accept.'
[29-05-2021T21:24:31] — Event: User brianbradford sent spam message: 'Decide range sound word everyone yet school how do outside federal finally work.'
[29-05-2021T21:24:33] — Event: User ann03 sent spam message: 'Strong generation camera organization country knowledge where budget wife item daughter factor face continue scene wait enough forward.'
[29-05-2021T21:24:36] — Event: User fguerrero sent spam message: 'Movement local question now four nothing loss anything personal treat daughter.'
[29-05-2021T21:24:40] — Event: User michaelamorris sent spam message: 'Letter film claim tough building fear with according claim.'
[29-05-2021T21:24:42] — Event: User nicole81 sent spam message: 'Mention imagine forget friend research arrive reality church specific.'
[29-05-2021T21:24:44] — Event: User terrismith sent spam message: 'Father somebody no spend hand subject degree share religious major society direction light win moment.'
[29-05-2021T21:24:45] — Event: User brianbradford sent spam message: 'Around guy reduce them since agent most Mrs marriage single style thousand case.'
[29-05-2021T21:24:49] — Event: User davisshane sent spam message: 'Support maintain great everything other poor break paper son detail environmental get still consumer executive true respond artist keep town.'
[29-05-2021T21:24:52] — Event: User fguerrero sent spam message: 'Issue beat leg return sound front information think easy board news car there.'
[29-05-2021T21:24:56] — Event: User jgreen sent spam message: 'Describe own rather all off military administration name see main old garden talk walk individual successful.'
[29-05-2021T21:24:58] — Event: User michaelamorris sent spam message: 'Series interesting card age including yet choose figure middle into outside energy effort show author.'
[29-05-2021T21:25:02] — Event: User brianbradford sent spam message: 'Listen budget no condition they explain participant speak amount consider whether company.'
[29-05-2021T21:25:04] — Event: User amy41 sent spam message: 'Baby school point those check subject out color voice light trade drive technology another detail house.'
[29-05-2021T21:25:08] — Event: User ann03 sent spam message: 'Feeling quickly most well region between crime strong language space statement from statement political manage administration already professor beautiful great.'
[29-05-2021T21:44:22] — User: ecollins	Action: register

[29-05-2021T21:44:22] — User: ecollins;	Action: login
[29-05-2021T21:44:25] — User: garciamalik	Action: register

[29-05-2021T21:44:25] — User: garciamalik;	Action: login
[29-05-2021T21:44:28] — User: zmurphy	Action: register

[29-05-2021T21:44:29] — User: zmurphy;	Action: login
[29-05-2021T21:44:31] — User: robert69	Action: register

[29-05-2021T21:44:32] — User: robert69;	Action: login
[29-05-2021T21:44:35] — User: barronkatherine	Action: register

[29-05-2021T21:44:35] — User: barronkatherine;	Action: login
[29-05-2021T21:44:40] — User: barronkatherine;	Action: logout
[29-05-2021T21:44:40] — User: zmurphy;	Action: logout
[29-05-2021T21:44:40] — User: robert69;	Action: logout
[29-05-2021T21:44:41] — User: garciamalik;	Action: logout
[29-05-2021T21:44:41] — User: ecollins;	Action: logout
[29-05-2021T21:45:43] — [WinError 10038] Сделана попытка выполнить операцию на объекте, не являющемся сокетом
[29-05-2021T21:45:43] — Failed to write data to connection IPv4Address(('localhost', 7687)) (IPv4Address(('127.0.0.1', 7687)))
